{"/Users/alejandra.olea/Documents/logica-program/test/ejercicio2.js": {"path":"/Users/alejandra.olea/Documents/logica-program/test/ejercicio2.js","all":false,"statementMap":{"0":{"start":{"line":1,"column":0},"end":{"line":1,"column":25}},"1":{"start":{"line":2,"column":0},"end":{"line":2,"column":48}},"2":{"start":{"line":3,"column":0},"end":{"line":3,"column":24}},"3":{"start":{"line":4,"column":0},"end":{"line":4,"column":2}},"4":{"start":{"line":5,"column":0},"end":{"line":5,"column":0}},"5":{"start":{"line":6,"column":0},"end":{"line":6,"column":22}}},"s":{"0":1,"1":2,"2":2,"3":2,"4":1,"5":1},"branchMap":{"0":{"type":"branch","line":1,"loc":{"start":{"line":1,"column":14},"end":{"line":4,"column":2}},"locations":[{"start":{"line":1,"column":14},"end":{"line":4,"column":2}}]}},"b":{"0":[2]},"fnMap":{"0":{"name":"pali","decl":{"start":{"line":1,"column":14},"end":{"line":4,"column":2}},"loc":{"start":{"line":1,"column":14},"end":{"line":4,"column":2}},"line":1}},"f":{"0":2}}
,"/Users/alejandra.olea/Documents/logica-program/test/ejercicio3.js": {"path":"/Users/alejandra.olea/Documents/logica-program/test/ejercicio3.js","all":false,"statementMap":{"0":{"start":{"line":1,"column":0},"end":{"line":1,"column":35}},"1":{"start":{"line":2,"column":0},"end":{"line":2,"column":21}},"2":{"start":{"line":3,"column":0},"end":{"line":3,"column":36}},"3":{"start":{"line":4,"column":0},"end":{"line":4,"column":23}},"4":{"start":{"line":5,"column":0},"end":{"line":5,"column":3}},"5":{"start":{"line":6,"column":0},"end":{"line":6,"column":19}},"6":{"start":{"line":7,"column":0},"end":{"line":7,"column":2}},"7":{"start":{"line":8,"column":0},"end":{"line":8,"column":0}},"8":{"start":{"line":9,"column":0},"end":{"line":9,"column":26}}},"s":{"0":1,"1":1,"2":1,"3":3,"4":3,"5":1,"6":1,"7":1,"8":1},"branchMap":{"0":{"type":"branch","line":1,"loc":{"start":{"line":1,"column":15},"end":{"line":7,"column":2}},"locations":[{"start":{"line":1,"column":15},"end":{"line":7,"column":2}}]},"1":{"type":"branch","line":3,"loc":{"start":{"line":3,"column":35},"end":{"line":5,"column":3}},"locations":[{"start":{"line":3,"column":35},"end":{"line":5,"column":3}}]}},"b":{"0":[1],"1":[3]},"fnMap":{"0":{"name":"repiteme","decl":{"start":{"line":1,"column":15},"end":{"line":7,"column":2}},"loc":{"start":{"line":1,"column":15},"end":{"line":7,"column":2}},"line":1}},"f":{"0":1}}
,"/Users/alejandra.olea/Documents/logica-program/test/ej-10/ejercicio10.js": {"path":"/Users/alejandra.olea/Documents/logica-program/test/ej-10/ejercicio10.js","all":false,"statementMap":{"0":{"start":{"line":1,"column":0},"end":{"line":1,"column":33}},"1":{"start":{"line":2,"column":0},"end":{"line":2,"column":78}},"2":{"start":{"line":3,"column":0},"end":{"line":3,"column":2}},"3":{"start":{"line":4,"column":0},"end":{"line":4,"column":0}},"4":{"start":{"line":5,"column":0},"end":{"line":5,"column":30}}},"s":{"0":1,"1":1,"2":1,"3":1,"4":1},"branchMap":{"0":{"type":"branch","line":1,"loc":{"start":{"line":1,"column":22},"end":{"line":3,"column":2}},"locations":[{"start":{"line":1,"column":22},"end":{"line":3,"column":2}}]}},"b":{"0":[1]},"fnMap":{"0":{"name":"limpiarTexto","decl":{"start":{"line":1,"column":22},"end":{"line":3,"column":2}},"loc":{"start":{"line":1,"column":22},"end":{"line":3,"column":2}},"line":1}},"f":{"0":1}}
,"/Users/alejandra.olea/Documents/logica-program/test/ej-11/ejercicio11.js": {"path":"/Users/alejandra.olea/Documents/logica-program/test/ej-11/ejercicio11.js","all":false,"statementMap":{"0":{"start":{"line":1,"column":0},"end":{"line":1,"column":38}},"1":{"start":{"line":2,"column":0},"end":{"line":2,"column":21}},"2":{"start":{"line":3,"column":0},"end":{"line":3,"column":64}},"3":{"start":{"line":4,"column":0},"end":{"line":4,"column":66}},"4":{"start":{"line":5,"column":0},"end":{"line":5,"column":10}},"5":{"start":{"line":6,"column":0},"end":{"line":6,"column":44}},"6":{"start":{"line":7,"column":0},"end":{"line":7,"column":3}},"7":{"start":{"line":8,"column":0},"end":{"line":8,"column":19}},"8":{"start":{"line":9,"column":0},"end":{"line":9,"column":2}},"9":{"start":{"line":10,"column":0},"end":{"line":10,"column":0}},"10":{"start":{"line":11,"column":0},"end":{"line":11,"column":27}}},"s":{"0":1,"1":2,"2":2,"3":1,"4":1,"5":1,"6":1,"7":2,"8":2,"9":1,"10":1},"branchMap":{"0":{"type":"branch","line":1,"loc":{"start":{"line":1,"column":18},"end":{"line":9,"column":2}},"locations":[{"start":{"line":1,"column":18},"end":{"line":9,"column":2}}]},"1":{"type":"branch","line":3,"loc":{"start":{"line":3,"column":63},"end":{"line":7,"column":3}},"locations":[{"start":{"line":3,"column":63},"end":{"line":7,"column":3}}]}},"b":{"0":[2],"1":[1]},"fnMap":{"0":{"name":"recortado","decl":{"start":{"line":1,"column":18},"end":{"line":9,"column":2}},"loc":{"start":{"line":1,"column":18},"end":{"line":9,"column":2}},"line":1}},"f":{"0":2}}
,"/Users/alejandra.olea/Documents/logica-program/test/ej-12/ejercicio12.js": {"path":"/Users/alejandra.olea/Documents/logica-program/test/ej-12/ejercicio12.js","all":false,"statementMap":{"0":{"start":{"line":1,"column":0},"end":{"line":1,"column":31}},"1":{"start":{"line":2,"column":0},"end":{"line":2,"column":21}},"2":{"start":{"line":3,"column":0},"end":{"line":3,"column":0}},"3":{"start":{"line":4,"column":0},"end":{"line":4,"column":39}},"4":{"start":{"line":5,"column":0},"end":{"line":5,"column":64}},"5":{"start":{"line":6,"column":0},"end":{"line":6,"column":3}},"6":{"start":{"line":7,"column":0},"end":{"line":7,"column":29}},"7":{"start":{"line":8,"column":0},"end":{"line":8,"column":2}},"8":{"start":{"line":9,"column":0},"end":{"line":9,"column":0}},"9":{"start":{"line":10,"column":0},"end":{"line":10,"column":28}}},"s":{"0":1,"1":1,"2":1,"3":1,"4":2,"5":2,"6":1,"7":1,"8":1,"9":1},"branchMap":{"0":{"type":"branch","line":1,"loc":{"start":{"line":1,"column":20},"end":{"line":8,"column":2}},"locations":[{"start":{"line":1,"column":20},"end":{"line":8,"column":2}}]},"1":{"type":"branch","line":4,"loc":{"start":{"line":4,"column":38},"end":{"line":6,"column":3}},"locations":[{"start":{"line":4,"column":38},"end":{"line":6,"column":3}}]}},"b":{"0":[1],"1":[2]},"fnMap":{"0":{"name":"aMayuscula","decl":{"start":{"line":1,"column":20},"end":{"line":8,"column":2}},"loc":{"start":{"line":1,"column":20},"end":{"line":8,"column":2}},"line":1}},"f":{"0":1}}
,"/Users/alejandra.olea/Documents/logica-program/test/ej-13/ejercicio13.js": {"path":"/Users/alejandra.olea/Documents/logica-program/test/ej-13/ejercicio13.js","all":false,"statementMap":{"0":{"start":{"line":1,"column":0},"end":{"line":1,"column":44}},"1":{"start":{"line":2,"column":0},"end":{"line":2,"column":36}},"2":{"start":{"line":3,"column":0},"end":{"line":3,"column":39}},"3":{"start":{"line":4,"column":0},"end":{"line":4,"column":19}},"4":{"start":{"line":5,"column":0},"end":{"line":5,"column":5}},"5":{"start":{"line":6,"column":0},"end":{"line":6,"column":3}},"6":{"start":{"line":7,"column":0},"end":{"line":7,"column":14}},"7":{"start":{"line":8,"column":0},"end":{"line":8,"column":2}},"8":{"start":{"line":9,"column":0},"end":{"line":9,"column":29}},"9":{"start":{"line":10,"column":0},"end":{"line":10,"column":48}}},"s":{"0":1,"1":2,"2":8,"3":1,"4":1,"5":8,"6":1,"7":1,"8":1,"9":1},"branchMap":{"0":{"type":"branch","line":1,"loc":{"start":{"line":1,"column":20},"end":{"line":8,"column":2}},"locations":[{"start":{"line":1,"column":20},"end":{"line":8,"column":2}}]},"1":{"type":"branch","line":2,"loc":{"start":{"line":2,"column":35},"end":{"line":6,"column":3}},"locations":[{"start":{"line":2,"column":35},"end":{"line":6,"column":3}}]},"2":{"type":"branch","line":3,"loc":{"start":{"line":3,"column":38},"end":{"line":5,"column":5}},"locations":[{"start":{"line":3,"column":38},"end":{"line":5,"column":5}}]},"3":{"type":"branch","line":7,"loc":{"start":{"line":7,"column":-1},"end":{"line":8,"column":2}},"locations":[{"start":{"line":7,"column":-1},"end":{"line":8,"column":2}}]}},"b":{"0":[2],"1":[8],"2":[1],"3":[1]},"fnMap":{"0":{"name":"permutacion","decl":{"start":{"line":1,"column":20},"end":{"line":8,"column":2}},"loc":{"start":{"line":1,"column":20},"end":{"line":8,"column":2}},"line":1}},"f":{"0":2}}
,"/Users/alejandra.olea/Documents/logica-program/test/ej-14/ejercicio14.js": {"path":"/Users/alejandra.olea/Documents/logica-program/test/ej-14/ejercicio14.js","all":false,"statementMap":{"0":{"start":{"line":1,"column":0},"end":{"line":1,"column":30}},"1":{"start":{"line":2,"column":0},"end":{"line":2,"column":21}},"2":{"start":{"line":3,"column":0},"end":{"line":3,"column":21}},"3":{"start":{"line":4,"column":0},"end":{"line":4,"column":21}},"4":{"start":{"line":5,"column":0},"end":{"line":5,"column":0}},"5":{"start":{"line":6,"column":0},"end":{"line":6,"column":22}},"6":{"start":{"line":7,"column":0},"end":{"line":7,"column":30}},"7":{"start":{"line":8,"column":0},"end":{"line":8,"column":19}},"8":{"start":{"line":9,"column":0},"end":{"line":9,"column":12}},"9":{"start":{"line":10,"column":0},"end":{"line":10,"column":19}},"10":{"start":{"line":11,"column":0},"end":{"line":11,"column":5}},"11":{"start":{"line":12,"column":0},"end":{"line":12,"column":0}},"12":{"start":{"line":13,"column":0},"end":{"line":13,"column":32}},"13":{"start":{"line":14,"column":0},"end":{"line":14,"column":36}},"14":{"start":{"line":15,"column":0},"end":{"line":15,"column":10}},"15":{"start":{"line":16,"column":0},"end":{"line":16,"column":36}},"16":{"start":{"line":17,"column":0},"end":{"line":17,"column":3}},"17":{"start":{"line":18,"column":0},"end":{"line":18,"column":0}},"18":{"start":{"line":19,"column":0},"end":{"line":19,"column":19}},"19":{"start":{"line":20,"column":0},"end":{"line":20,"column":2}},"20":{"start":{"line":21,"column":0},"end":{"line":21,"column":0}},"21":{"start":{"line":22,"column":0},"end":{"line":22,"column":27}}},"s":{"0":1,"1":2,"2":2,"3":2,"4":2,"5":2,"6":2,"7":6,"8":6,"9":6,"10":6,"11":2,"12":2,"13":1,"14":1,"15":1,"16":1,"17":2,"18":2,"19":2,"20":1,"21":1},"branchMap":{"0":{"type":"branch","line":1,"loc":{"start":{"line":1,"column":19},"end":{"line":20,"column":2}},"locations":[{"start":{"line":1,"column":19},"end":{"line":20,"column":2}}]},"1":{"type":"branch","line":7,"loc":{"start":{"line":7,"column":4},"end":{"line":11,"column":5}},"locations":[{"start":{"line":7,"column":4},"end":{"line":11,"column":5}}]},"2":{"type":"branch","line":7,"loc":{"start":{"line":7,"column":29},"end":{"line":11,"column":5}},"locations":[{"start":{"line":7,"column":29},"end":{"line":11,"column":5}}]},"3":{"type":"branch","line":13,"loc":{"start":{"line":13,"column":31},"end":{"line":17,"column":3}},"locations":[{"start":{"line":13,"column":31},"end":{"line":17,"column":3}}]}},"b":{"0":[2],"1":[12],"2":[6],"3":[1]},"fnMap":{"0":{"name":"mayoOminu","decl":{"start":{"line":1,"column":19},"end":{"line":20,"column":2}},"loc":{"start":{"line":1,"column":19},"end":{"line":20,"column":2}},"line":1}},"f":{"0":2}}
,"/Users/alejandra.olea/Documents/logica-program/test/ej-15/ejercicio15.js": {"path":"/Users/alejandra.olea/Documents/logica-program/test/ej-15/ejercicio15.js","all":false,"statementMap":{"0":{"start":{"line":1,"column":0},"end":{"line":1,"column":31}},"1":{"start":{"line":2,"column":0},"end":{"line":2,"column":21}},"2":{"start":{"line":3,"column":0},"end":{"line":3,"column":0}},"3":{"start":{"line":4,"column":0},"end":{"line":4,"column":37}},"4":{"start":{"line":5,"column":0},"end":{"line":5,"column":44}},"5":{"start":{"line":6,"column":0},"end":{"line":6,"column":3}},"6":{"start":{"line":7,"column":0},"end":{"line":7,"column":15}},"7":{"start":{"line":8,"column":0},"end":{"line":8,"column":2}},"8":{"start":{"line":9,"column":0},"end":{"line":9,"column":0}},"9":{"start":{"line":10,"column":0},"end":{"line":10,"column":27}}},"s":{"0":1,"1":1,"2":1,"3":1,"4":2,"5":2,"6":1,"7":1,"8":1,"9":1},"branchMap":{"0":{"type":"branch","line":1,"loc":{"start":{"line":1,"column":19},"end":{"line":8,"column":2}},"locations":[{"start":{"line":1,"column":19},"end":{"line":8,"column":2}}]},"1":{"type":"branch","line":4,"loc":{"start":{"line":4,"column":36},"end":{"line":6,"column":3}},"locations":[{"start":{"line":4,"column":36},"end":{"line":6,"column":3}}]}},"b":{"0":[1],"1":[2]},"fnMap":{"0":{"name":"fibonacci","decl":{"start":{"line":1,"column":19},"end":{"line":8,"column":2}},"loc":{"start":{"line":1,"column":19},"end":{"line":8,"column":2}},"line":1}},"f":{"0":1}}
,"/Users/alejandra.olea/Documents/logica-program/test/ej-16/ejercicio16.js": {"path":"/Users/alejandra.olea/Documents/logica-program/test/ej-16/ejercicio16.js","all":false,"statementMap":{"0":{"start":{"line":1,"column":0},"end":{"line":1,"column":65}},"1":{"start":{"line":2,"column":0},"end":{"line":2,"column":34}},"2":{"start":{"line":3,"column":0},"end":{"line":3,"column":39}},"3":{"start":{"line":4,"column":0},"end":{"line":4,"column":32}},"4":{"start":{"line":5,"column":0},"end":{"line":5,"column":42}},"5":{"start":{"line":6,"column":0},"end":{"line":6,"column":29}},"6":{"start":{"line":7,"column":0},"end":{"line":7,"column":0}},"7":{"start":{"line":8,"column":0},"end":{"line":8,"column":32}},"8":{"start":{"line":9,"column":0},"end":{"line":9,"column":2}},"9":{"start":{"line":10,"column":0},"end":{"line":10,"column":0}},"10":{"start":{"line":11,"column":0},"end":{"line":11,"column":30}}},"s":{"0":1,"1":1,"2":1,"3":1,"4":1,"5":1,"6":1,"7":1,"8":1,"9":1,"10":1},"branchMap":{"0":{"type":"branch","line":2,"loc":{"start":{"line":2,"column":22},"end":{"line":9,"column":2}},"locations":[{"start":{"line":2,"column":22},"end":{"line":9,"column":2}}]}},"b":{"0":[1]},"fnMap":{"0":{"name":"calcularDias","decl":{"start":{"line":2,"column":22},"end":{"line":9,"column":2}},"loc":{"start":{"line":2,"column":22},"end":{"line":9,"column":2}},"line":2}},"f":{"0":1}}
,"/Users/alejandra.olea/Documents/logica-program/test/ej-17/ejercico17.js": {"path":"/Users/alejandra.olea/Documents/logica-program/test/ej-17/ejercico17.js","all":false,"statementMap":{"0":{"start":{"line":1,"column":0},"end":{"line":1,"column":32}},"1":{"start":{"line":2,"column":0},"end":{"line":2,"column":20}},"2":{"start":{"line":3,"column":0},"end":{"line":3,"column":37}},"3":{"start":{"line":4,"column":0},"end":{"line":4,"column":19}},"4":{"start":{"line":5,"column":0},"end":{"line":5,"column":3}},"5":{"start":{"line":6,"column":0},"end":{"line":6,"column":19}},"6":{"start":{"line":7,"column":0},"end":{"line":7,"column":2}},"7":{"start":{"line":8,"column":0},"end":{"line":8,"column":0}},"8":{"start":{"line":9,"column":0},"end":{"line":9,"column":28}}},"s":{"0":1,"1":1,"2":1,"3":3,"4":3,"5":1,"6":1,"7":1,"8":1},"branchMap":{"0":{"type":"branch","line":1,"loc":{"start":{"line":1,"column":20},"end":{"line":7,"column":2}},"locations":[{"start":{"line":1,"column":20},"end":{"line":7,"column":2}}]},"1":{"type":"branch","line":3,"loc":{"start":{"line":3,"column":36},"end":{"line":5,"column":3}},"locations":[{"start":{"line":3,"column":36},"end":{"line":5,"column":3}}]}},"b":{"0":[1],"1":[3]},"fnMap":{"0":{"name":"factorial2","decl":{"start":{"line":1,"column":20},"end":{"line":7,"column":2}},"loc":{"start":{"line":1,"column":20},"end":{"line":7,"column":2}},"line":1}},"f":{"0":1}}
,"/Users/alejandra.olea/Documents/logica-program/test/ej-18/ejercico18.js": {"path":"/Users/alejandra.olea/Documents/logica-program/test/ej-18/ejercico18.js","all":false,"statementMap":{"0":{"start":{"line":1,"column":0},"end":{"line":1,"column":29}},"1":{"start":{"line":2,"column":0},"end":{"line":2,"column":75}},"2":{"start":{"line":3,"column":0},"end":{"line":3,"column":30}},"3":{"start":{"line":4,"column":0},"end":{"line":4,"column":2}},"4":{"start":{"line":5,"column":0},"end":{"line":5,"column":25}}},"s":{"0":1,"1":1,"2":1,"3":1,"4":1},"branchMap":{"0":{"type":"branch","line":1,"loc":{"start":{"line":1,"column":17},"end":{"line":4,"column":2}},"locations":[{"start":{"line":1,"column":17},"end":{"line":4,"column":2}}]}},"b":{"0":[1]},"fnMap":{"0":{"name":"capicua","decl":{"start":{"line":1,"column":17},"end":{"line":4,"column":2}},"loc":{"start":{"line":1,"column":17},"end":{"line":4,"column":2}},"line":1}},"f":{"0":1}}
,"/Users/alejandra.olea/Documents/logica-program/test/ej-19/ejercicio19.js": {"path":"/Users/alejandra.olea/Documents/logica-program/test/ej-19/ejercicio19.js","all":false,"statementMap":{"0":{"start":{"line":1,"column":0},"end":{"line":1,"column":42}},"1":{"start":{"line":2,"column":0},"end":{"line":2,"column":46}},"2":{"start":{"line":3,"column":0},"end":{"line":3,"column":40}},"3":{"start":{"line":4,"column":0},"end":{"line":4,"column":5}},"4":{"start":{"line":5,"column":0},"end":{"line":5,"column":41}},"5":{"start":{"line":6,"column":0},"end":{"line":6,"column":35}},"6":{"start":{"line":7,"column":0},"end":{"line":7,"column":2}},"7":{"start":{"line":8,"column":0},"end":{"line":8,"column":35}}},"s":{"0":1,"1":1,"2":5,"3":5,"4":1,"5":1,"6":1,"7":1},"branchMap":{"0":{"type":"branch","line":1,"loc":{"start":{"line":1,"column":27},"end":{"line":7,"column":2}},"locations":[{"start":{"line":1,"column":27},"end":{"line":7,"column":2}}]},"1":{"type":"branch","line":2,"loc":{"start":{"line":2,"column":32},"end":{"line":4,"column":5}},"locations":[{"start":{"line":2,"column":32},"end":{"line":4,"column":5}}]}},"b":{"0":[1],"1":[5]},"fnMap":{"0":{"name":"eliminaDuplicados","decl":{"start":{"line":1,"column":27},"end":{"line":7,"column":2}},"loc":{"start":{"line":1,"column":27},"end":{"line":7,"column":2}},"line":1}},"f":{"0":1}}
,"/Users/alejandra.olea/Documents/logica-program/test/ej-4/ejercicio4.js": {"path":"/Users/alejandra.olea/Documents/logica-program/test/ej-4/ejercicio4.js","all":false,"statementMap":{"0":{"start":{"line":1,"column":0},"end":{"line":1,"column":31}},"1":{"start":{"line":2,"column":0},"end":{"line":2,"column":56}},"2":{"start":{"line":3,"column":0},"end":{"line":3,"column":2}},"3":{"start":{"line":4,"column":0},"end":{"line":4,"column":0}},"4":{"start":{"line":5,"column":0},"end":{"line":5,"column":27}}},"s":{"0":1,"1":1,"2":1,"3":1,"4":1},"branchMap":{"0":{"type":"branch","line":1,"loc":{"start":{"line":1,"column":19},"end":{"line":3,"column":2}},"locations":[{"start":{"line":1,"column":19},"end":{"line":3,"column":2}}]}},"b":{"0":[1]},"fnMap":{"0":{"name":"invertido","decl":{"start":{"line":1,"column":19},"end":{"line":3,"column":2}},"loc":{"start":{"line":1,"column":19},"end":{"line":3,"column":2}},"line":1}},"f":{"0":1}}
,"/Users/alejandra.olea/Documents/logica-program/test/ej-6/ejercicio6.js": {"path":"/Users/alejandra.olea/Documents/logica-program/test/ej-6/ejercicio6.js","all":false,"statementMap":{"0":{"start":{"line":1,"column":0},"end":{"line":1,"column":34}},"1":{"start":{"line":2,"column":0},"end":{"line":2,"column":47}},"2":{"start":{"line":3,"column":0},"end":{"line":3,"column":50}},"3":{"start":{"line":4,"column":0},"end":{"line":4,"column":2}},"4":{"start":{"line":5,"column":0},"end":{"line":5,"column":44}},"5":{"start":{"line":6,"column":0},"end":{"line":6,"column":0}},"6":{"start":{"line":7,"column":0},"end":{"line":7,"column":31}}},"s":{"0":1,"1":2,"2":2,"3":2,"4":1,"5":1,"6":1},"branchMap":{"0":{"type":"branch","line":1,"loc":{"start":{"line":1,"column":23},"end":{"line":4,"column":2}},"locations":[{"start":{"line":1,"column":23},"end":{"line":4,"column":2}}]},"1":{"type":"branch","line":3,"loc":{"start":{"line":3,"column":22},"end":{"line":3,"column":48}},"locations":[{"start":{"line":3,"column":22},"end":{"line":3,"column":48}}]},"2":{"type":"branch","line":3,"loc":{"start":{"line":3,"column":22},"end":{"line":3,"column":50}},"locations":[{"start":{"line":3,"column":22},"end":{"line":3,"column":50}}]}},"b":{"0":[2],"1":[1],"2":[1]},"fnMap":{"0":{"name":"cuentaVocales","decl":{"start":{"line":1,"column":23},"end":{"line":4,"column":2}},"loc":{"start":{"line":1,"column":23},"end":{"line":4,"column":2}},"line":1}},"f":{"0":2}}
,"/Users/alejandra.olea/Documents/logica-program/test/ej-7/ejercicio7.js": {"path":"/Users/alejandra.olea/Documents/logica-program/test/ej-7/ejercicio7.js","all":false,"statementMap":{"0":{"start":{"line":1,"column":0},"end":{"line":1,"column":31}},"1":{"start":{"line":2,"column":0},"end":{"line":2,"column":21}},"2":{"start":{"line":3,"column":0},"end":{"line":3,"column":45}},"3":{"start":{"line":4,"column":0},"end":{"line":4,"column":32}},"4":{"start":{"line":5,"column":0},"end":{"line":5,"column":32}},"5":{"start":{"line":6,"column":0},"end":{"line":6,"column":23}},"6":{"start":{"line":7,"column":0},"end":{"line":7,"column":32}},"7":{"start":{"line":8,"column":0},"end":{"line":8,"column":28}},"8":{"start":{"line":9,"column":0},"end":{"line":9,"column":10}},"9":{"start":{"line":10,"column":0},"end":{"line":10,"column":18}},"10":{"start":{"line":11,"column":0},"end":{"line":11,"column":3}},"11":{"start":{"line":12,"column":0},"end":{"line":12,"column":19}},"12":{"start":{"line":13,"column":0},"end":{"line":13,"column":2}},"13":{"start":{"line":14,"column":0},"end":{"line":14,"column":0}},"14":{"start":{"line":15,"column":0},"end":{"line":15,"column":27}}},"s":{"0":1,"1":4,"2":4,"3":1,"4":4,"5":1,"6":3,"7":1,"8":1,"9":1,"10":1,"11":3,"12":3,"13":1,"14":1},"branchMap":{"0":{"type":"branch","line":1,"loc":{"start":{"line":1,"column":19},"end":{"line":13,"column":2}},"locations":[{"start":{"line":1,"column":19},"end":{"line":13,"column":2}}]},"1":{"type":"branch","line":3,"loc":{"start":{"line":3,"column":6},"end":{"line":3,"column":44}},"locations":[{"start":{"line":3,"column":6},"end":{"line":3,"column":44}}]},"2":{"type":"branch","line":3,"loc":{"start":{"line":3,"column":44},"end":{"line":5,"column":9}},"locations":[{"start":{"line":3,"column":44},"end":{"line":5,"column":9}}]},"3":{"type":"branch","line":5,"loc":{"start":{"line":5,"column":3},"end":{"line":13,"column":2}},"locations":[{"start":{"line":5,"column":3},"end":{"line":13,"column":2}}]},"4":{"type":"branch","line":5,"loc":{"start":{"line":5,"column":31},"end":{"line":7,"column":9}},"locations":[{"start":{"line":5,"column":31},"end":{"line":7,"column":9}}]},"5":{"type":"branch","line":7,"loc":{"start":{"line":7,"column":3},"end":{"line":11,"column":3}},"locations":[{"start":{"line":7,"column":3},"end":{"line":11,"column":3}}]},"6":{"type":"branch","line":7,"loc":{"start":{"line":7,"column":31},"end":{"line":11,"column":3}},"locations":[{"start":{"line":7,"column":31},"end":{"line":11,"column":3}}]}},"b":{"0":[4],"1":[2],"2":[1],"3":[3],"4":[1],"5":[2],"6":[1]},"fnMap":{"0":{"name":"buzzLight","decl":{"start":{"line":1,"column":19},"end":{"line":13,"column":2}},"loc":{"start":{"line":1,"column":19},"end":{"line":13,"column":2}},"line":1}},"f":{"0":4}}
,"/Users/alejandra.olea/Documents/logica-program/test/ej-8/ejercicio8.js": {"path":"/Users/alejandra.olea/Documents/logica-program/test/ej-8/ejercicio8.js","all":false,"statementMap":{"0":{"start":{"line":1,"column":0},"end":{"line":1,"column":47}},"1":{"start":{"line":2,"column":0},"end":{"line":2,"column":40}},"2":{"start":{"line":3,"column":0},"end":{"line":3,"column":28}},"3":{"start":{"line":4,"column":0},"end":{"line":4,"column":3}},"4":{"start":{"line":5,"column":0},"end":{"line":5,"column":15}},"5":{"start":{"line":6,"column":0},"end":{"line":6,"column":2}},"6":{"start":{"line":7,"column":0},"end":{"line":7,"column":0}},"7":{"start":{"line":8,"column":0},"end":{"line":8,"column":25}}},"s":{"0":1,"1":2,"2":1,"3":1,"4":1,"5":1,"6":1,"7":1},"branchMap":{"0":{"type":"branch","line":1,"loc":{"start":{"line":1,"column":16},"end":{"line":6,"column":2}},"locations":[{"start":{"line":1,"column":16},"end":{"line":6,"column":2}}]},"1":{"type":"branch","line":2,"loc":{"start":{"line":2,"column":39},"end":{"line":6,"column":2}},"locations":[{"start":{"line":2,"column":39},"end":{"line":6,"column":2}}]}},"b":{"0":[2],"1":[1]},"fnMap":{"0":{"name":"divisor","decl":{"start":{"line":1,"column":16},"end":{"line":6,"column":2}},"loc":{"start":{"line":1,"column":16},"end":{"line":6,"column":2}},"line":1}},"f":{"0":2}}
,"/Users/alejandra.olea/Documents/logica-program/test/ej-8/print.js": {"path":"/Users/alejandra.olea/Documents/logica-program/test/ej-8/print.js","all":false,"statementMap":{"0":{"start":{"line":1,"column":0},"end":{"line":1,"column":47}},"1":{"start":{"line":2,"column":0},"end":{"line":2,"column":40}},"2":{"start":{"line":3,"column":0},"end":{"line":3,"column":28}},"3":{"start":{"line":4,"column":0},"end":{"line":4,"column":3}},"4":{"start":{"line":5,"column":0},"end":{"line":5,"column":15}},"5":{"start":{"line":6,"column":0},"end":{"line":6,"column":2}},"6":{"start":{"line":7,"column":0},"end":{"line":7,"column":30}},"7":{"start":{"line":8,"column":0},"end":{"line":8,"column":0}},"8":{"start":{"line":9,"column":0},"end":{"line":9,"column":27}},"9":{"start":{"line":10,"column":0},"end":{"line":10,"column":21}},"10":{"start":{"line":11,"column":0},"end":{"line":11,"column":37}},"11":{"start":{"line":12,"column":0},"end":{"line":12,"column":29}},"12":{"start":{"line":13,"column":0},"end":{"line":13,"column":24}},"13":{"start":{"line":14,"column":0},"end":{"line":14,"column":5}},"14":{"start":{"line":15,"column":0},"end":{"line":15,"column":3}},"15":{"start":{"line":16,"column":0},"end":{"line":16,"column":19}},"16":{"start":{"line":17,"column":0},"end":{"line":17,"column":2}},"17":{"start":{"line":18,"column":0},"end":{"line":18,"column":0}},"18":{"start":{"line":19,"column":0},"end":{"line":19,"column":23}}},"s":{"0":1,"1":0,"2":0,"3":0,"4":0,"5":0,"6":1,"7":1,"8":1,"9":0,"10":0,"11":0,"12":0,"13":0,"14":0,"15":0,"16":0,"17":1,"18":1},"branchMap":{},"b":{},"fnMap":{"0":{"name":"divisor","decl":{"start":{"line":1,"column":16},"end":{"line":6,"column":2}},"loc":{"start":{"line":1,"column":16},"end":{"line":6,"column":2}},"line":1},"1":{"name":"print","decl":{"start":{"line":9,"column":15},"end":{"line":17,"column":2}},"loc":{"start":{"line":9,"column":15},"end":{"line":17,"column":2}},"line":9}},"f":{"0":0,"1":0}}
,"/Users/alejandra.olea/Documents/logica-program/test/ej-9/ejercicio9.js": {"path":"/Users/alejandra.olea/Documents/logica-program/test/ej-9/ejercicio9.js","all":false,"statementMap":{"0":{"start":{"line":1,"column":0},"end":{"line":1,"column":41}},"1":{"start":{"line":2,"column":0},"end":{"line":2,"column":49}},"2":{"start":{"line":3,"column":0},"end":{"line":3,"column":49}},"3":{"start":{"line":4,"column":0},"end":{"line":4,"column":26}},"4":{"start":{"line":5,"column":0},"end":{"line":5,"column":16}},"5":{"start":{"line":6,"column":0},"end":{"line":6,"column":3}},"6":{"start":{"line":7,"column":0},"end":{"line":7,"column":15}},"7":{"start":{"line":8,"column":0},"end":{"line":8,"column":2}},"8":{"start":{"line":9,"column":0},"end":{"line":9,"column":0}},"9":{"start":{"line":10,"column":0},"end":{"line":10,"column":27}}},"s":{"0":1,"1":2,"2":2,"3":2,"4":1,"5":1,"6":1,"7":1,"8":1,"9":1},"branchMap":{"0":{"type":"branch","line":1,"loc":{"start":{"line":1,"column":18},"end":{"line":8,"column":2}},"locations":[{"start":{"line":1,"column":18},"end":{"line":8,"column":2}}]},"1":{"type":"branch","line":4,"loc":{"start":{"line":4,"column":25},"end":{"line":8,"column":2}},"locations":[{"start":{"line":4,"column":25},"end":{"line":8,"column":2}}]}},"b":{"0":[2],"1":[1]},"fnMap":{"0":{"name":"anagramas","decl":{"start":{"line":1,"column":18},"end":{"line":8,"column":2}},"loc":{"start":{"line":1,"column":18},"end":{"line":8,"column":2}},"line":1}},"f":{"0":2}}
}
