TN:
SF:test/ejercicio2.js
FN:1,pali
FNF:1
FNH:1
FNDA:2,pali
DA:1,1
DA:2,2
DA:3,2
DA:4,2
DA:5,1
DA:6,1
LF:6
LH:6
BRDA:1,0,0,2
BRF:1
BRH:1
end_of_record
TN:
SF:test/ejercicio3.js
FN:1,repiteme
FNF:1
FNH:1
FNDA:1,repiteme
DA:1,1
DA:2,1
DA:3,1
DA:4,3
DA:5,3
DA:6,1
DA:7,1
DA:8,1
DA:9,1
LF:9
LH:9
BRDA:1,0,0,1
BRDA:3,1,0,3
BRF:2
BRH:2
end_of_record
TN:
SF:test/ej-10/ejercicio10.js
FN:1,limpiarTexto
FNF:1
FNH:1
FNDA:1,limpiarTexto
DA:1,1
DA:2,1
DA:3,1
DA:4,1
DA:5,1
LF:5
LH:5
BRDA:1,0,0,1
BRF:1
BRH:1
end_of_record
TN:
SF:test/ej-11/ejercicio11.js
FN:1,recortado
FNF:1
FNH:1
FNDA:2,recortado
DA:1,1
DA:2,2
DA:3,2
DA:4,1
DA:5,1
DA:6,1
DA:7,1
DA:8,2
DA:9,2
DA:10,1
DA:11,1
LF:11
LH:11
BRDA:1,0,0,2
BRDA:3,1,0,1
BRF:2
BRH:2
end_of_record
TN:
SF:test/ej-12/ejercicio12.js
FN:1,aMayuscula
FNF:1
FNH:1
FNDA:1,aMayuscula
DA:1,1
DA:2,1
DA:3,1
DA:4,1
DA:5,2
DA:6,2
DA:7,1
DA:8,1
DA:9,1
DA:10,1
LF:10
LH:10
BRDA:1,0,0,1
BRDA:4,1,0,2
BRF:2
BRH:2
end_of_record
TN:
SF:test/ej-13/ejercicio13.js
FN:1,permutacion
FNF:1
FNH:1
FNDA:2,permutacion
DA:1,1
DA:2,2
DA:3,8
DA:4,1
DA:5,1
DA:6,8
DA:7,1
DA:8,1
DA:9,1
DA:10,1
LF:10
LH:10
BRDA:1,0,0,2
BRDA:2,1,0,8
BRDA:3,2,0,1
BRDA:7,3,0,1
BRF:4
BRH:4
end_of_record
TN:
SF:test/ej-14/ejercicio14.js
FN:1,mayoOminu
FNF:1
FNH:1
FNDA:2,mayoOminu
DA:1,1
DA:2,2
DA:3,2
DA:4,2
DA:5,2
DA:6,2
DA:7,2
DA:8,6
DA:9,6
DA:10,6
DA:11,6
DA:12,2
DA:13,2
DA:14,1
DA:15,1
DA:16,1
DA:17,1
DA:18,2
DA:19,2
DA:20,2
DA:21,1
DA:22,1
LF:22
LH:22
BRDA:1,0,0,2
BRDA:7,1,0,12
BRDA:7,2,0,6
BRDA:13,3,0,1
BRF:4
BRH:4
end_of_record
TN:
SF:test/ej-15/ejercicio15.js
FN:1,fibonacci
FNF:1
FNH:1
FNDA:1,fibonacci
DA:1,1
DA:2,1
DA:3,1
DA:4,1
DA:5,2
DA:6,2
DA:7,1
DA:8,1
DA:9,1
DA:10,1
LF:10
LH:10
BRDA:1,0,0,1
BRDA:4,1,0,2
BRF:2
BRH:2
end_of_record
TN:
SF:test/ej-16/ejercicio16.js
FN:2,calcularDias
FNF:1
FNH:1
FNDA:1,calcularDias
DA:1,1
DA:2,1
DA:3,1
DA:4,1
DA:5,1
DA:6,1
DA:7,1
DA:8,1
DA:9,1
DA:10,1
DA:11,1
LF:11
LH:11
BRDA:2,0,0,1
BRF:1
BRH:1
end_of_record
TN:
SF:test/ej-17/ejercico17.js
FN:1,factorial2
FNF:1
FNH:1
FNDA:1,factorial2
DA:1,1
DA:2,1
DA:3,1
DA:4,3
DA:5,3
DA:6,1
DA:7,1
DA:8,1
DA:9,1
LF:9
LH:9
BRDA:1,0,0,1
BRDA:3,1,0,3
BRF:2
BRH:2
end_of_record
TN:
SF:test/ej-18/ejercico18.js
FN:1,capicua
FNF:1
FNH:1
FNDA:1,capicua
DA:1,1
DA:2,1
DA:3,1
DA:4,1
DA:5,1
LF:5
LH:5
BRDA:1,0,0,1
BRF:1
BRH:1
end_of_record
TN:
SF:test/ej-19/ejercicio19.js
FN:1,eliminaDuplicados
FNF:1
FNH:1
FNDA:1,eliminaDuplicados
DA:1,1
DA:2,1
DA:3,5
DA:4,5
DA:5,1
DA:6,1
DA:7,1
DA:8,1
LF:8
LH:8
BRDA:1,0,0,1
BRDA:2,1,0,5
BRF:2
BRH:2
end_of_record
TN:
SF:test/ej-4/ejercicio4.js
FN:1,invertido
FNF:1
FNH:1
FNDA:1,invertido
DA:1,1
DA:2,1
DA:3,1
DA:4,1
DA:5,1
LF:5
LH:5
BRDA:1,0,0,1
BRF:1
BRH:1
end_of_record
TN:
SF:test/ej-6/ejercicio6.js
FN:1,cuentaVocales
FNF:1
FNH:1
FNDA:2,cuentaVocales
DA:1,1
DA:2,2
DA:3,2
DA:4,2
DA:5,1
DA:6,1
DA:7,1
LF:7
LH:7
BRDA:1,0,0,2
BRDA:3,1,0,1
BRDA:3,2,0,1
BRF:3
BRH:3
end_of_record
TN:
SF:test/ej-7/ejercicio7.js
FN:1,buzzLight
FNF:1
FNH:1
FNDA:4,buzzLight
DA:1,1
DA:2,4
DA:3,4
DA:4,1
DA:5,4
DA:6,1
DA:7,3
DA:8,1
DA:9,1
DA:10,1
DA:11,1
DA:12,3
DA:13,3
DA:14,1
DA:15,1
LF:15
LH:15
BRDA:1,0,0,4
BRDA:3,1,0,2
BRDA:3,2,0,1
BRDA:5,3,0,3
BRDA:5,4,0,1
BRDA:7,5,0,2
BRDA:7,6,0,1
BRF:7
BRH:7
end_of_record
TN:
SF:test/ej-8/ejercicio8.js
FN:1,divisor
FNF:1
FNH:1
FNDA:2,divisor
DA:1,1
DA:2,2
DA:3,1
DA:4,1
DA:5,1
DA:6,1
DA:7,1
DA:8,1
LF:8
LH:8
BRDA:1,0,0,2
BRDA:2,1,0,1
BRF:2
BRH:2
end_of_record
TN:
SF:test/ej-8/print.js
FN:1,divisor
FN:9,print
FNF:2
FNH:0
FNDA:0,divisor
FNDA:0,print
DA:1,1
DA:2,0
DA:3,0
DA:4,0
DA:5,0
DA:6,0
DA:7,1
DA:8,1
DA:9,1
DA:10,0
DA:11,0
DA:12,0
DA:13,0
DA:14,0
DA:15,0
DA:16,0
DA:17,0
DA:18,1
DA:19,1
LF:19
LH:6
BRF:0
BRH:0
end_of_record
TN:
SF:test/ej-9/ejercicio9.js
FN:1,anagramas
FNF:1
FNH:1
FNDA:2,anagramas
DA:1,1
DA:2,2
DA:3,2
DA:4,2
DA:5,1
DA:6,1
DA:7,1
DA:8,1
DA:9,1
DA:10,1
LF:10
LH:10
BRDA:1,0,0,2
BRDA:4,1,0,1
BRF:2
BRH:2
end_of_record
